2015/02/05 09:23:04 INFO  - jmeter.util.JMeterUtils: Setting Locale to en_US 
2015/02/05 09:23:04 INFO  - jmeter.JMeter: Loading user properties from: /Users/ruiqili/Documents/jakarta-jmeter-2.3.4/bin/user.properties 
2015/02/05 09:23:04 INFO  - jmeter.JMeter: Loading system properties from: /Users/ruiqili/Documents/jakarta-jmeter-2.3.4/bin/system.properties 
2015/02/05 09:23:04 INFO  - jmeter.JMeter: Copyright (c) 1998-2009 The Apache Software Foundation 
2015/02/05 09:23:04 INFO  - jmeter.JMeter: Version 2.3.4 r785646 
2015/02/05 09:23:04 INFO  - jmeter.JMeter: java.version=1.8.0_31 
2015/02/05 09:23:04 INFO  - jmeter.JMeter: java.vm.name=Java HotSpot(TM) 64-Bit Server VM 
2015/02/05 09:23:04 INFO  - jmeter.JMeter: os.name=Mac OS X 
2015/02/05 09:23:04 INFO  - jmeter.JMeter: os.arch=x86_64 
2015/02/05 09:23:04 INFO  - jmeter.JMeter: os.version=10.10 
2015/02/05 09:23:04 INFO  - jmeter.JMeter: file.encoding=UTF-8 
2015/02/05 09:23:04 INFO  - jmeter.JMeter: Default Locale=English (United States) 
2015/02/05 09:23:04 INFO  - jmeter.JMeter: JMeter  Locale=English (United States) 
2015/02/05 09:23:04 INFO  - jmeter.JMeter: JMeterHome=/Users/ruiqili/Documents/jakarta-jmeter-2.3.4 
2015/02/05 09:23:04 INFO  - jmeter.JMeter: user.dir  =/Users/ruiqili 
2015/02/05 09:23:04 INFO  - jmeter.JMeter: PWD       =/Users/ruiqili 
2015/02/05 09:23:04 INFO  - jmeter.JMeter: IP: 10.34.83.155 Name: RUIQIs-MacBook-Pro.local FullName: 10.34.83.155 
2015/02/05 09:23:04 INFO  - jmeter.JMeter: Loaded icon properties from org/apache/jmeter/images/icon.properties 
2015/02/05 09:23:06 INFO  - jmeter.engine.util.CompoundVariable: Note: Function class names must contain the string: '.functions.' 
2015/02/05 09:23:06 INFO  - jmeter.engine.util.CompoundVariable: Note: Function class names must not contain the string: '.gui.' 
2015/02/05 09:23:07 INFO  - jmeter.util.BSFTestElement: Registering JMeter version of JavaScript engine as work-round for BSF-22 
2015/02/05 09:23:07 INFO  - jmeter.protocol.http.sampler.HTTPSamplerBase: Cannot find .className property for htmlParser, using default 
2015/02/05 09:23:07 INFO  - jmeter.protocol.http.sampler.HTTPSamplerBase: Parser for text/html is  
2015/02/05 09:23:07 INFO  - jmeter.protocol.http.sampler.HTTPSamplerBase: Parser for application/xhtml+xml is  
2015/02/05 09:23:07 INFO  - jmeter.protocol.http.sampler.HTTPSamplerBase: Parser for application/xml is  
2015/02/05 09:23:07 INFO  - jmeter.protocol.http.sampler.HTTPSamplerBase: Parser for text/xml is  
2015/02/05 09:23:07 INFO  - jmeter.protocol.http.sampler.HTTPSamplerBase: Parser for text/vnd.wap.wml is org.apache.jmeter.protocol.http.parser.RegexpHTMLParser 
2015/02/05 09:23:08 INFO  - jmeter.gui.util.MenuFactory: Skipping org.apache.jmeter.protocol.http.modifier.gui.ParamModifierGui 
2015/02/05 09:23:08 INFO  - jmeter.gui.util.MenuFactory: Skipping org.apache.jmeter.protocol.http.modifier.gui.UserParameterModifierGui 
2015/02/05 09:23:08 INFO  - jmeter.protocol.http.sampler.HTTPSampler: Maximum connection retries = 10 
2015/02/05 09:23:08 INFO  - jmeter.protocol.http.sampler.HTTPSampler: Connection and read timeouts are available on this JVM 
2015/02/05 09:23:08 INFO  - jmeter.samplers.SampleResult: Note: Sample TimeStamps are START times 
2015/02/05 09:23:08 INFO  - jmeter.samplers.SampleResult: sampleresult.default.encoding is set to ISO-8859-1 
2015/02/05 09:23:24 INFO  - jmeter.services.FileServer: Default base=/Users/ruiqili 
2015/02/05 09:23:24 INFO  - jmeter.gui.action.Load: Loading file: /Users/ruiqili/Documents/SDK-stress-test.jmx 
2015/02/05 09:23:24 INFO  - jmeter.services.FileServer: Set new base=/Users/ruiqili/Documents 
2015/02/05 09:23:24 INFO  - jmeter.save.SaveService: Testplan (JMX) version: 2.2. Testlog (JTL) version: 2.2 
2015/02/05 09:23:24 INFO  - jmeter.save.SaveService: Using SaveService properties file encoding UTF-8 
2015/02/05 09:23:24 INFO  - jmeter.save.SaveService: Using SaveService properties file version 697317 
2015/02/05 09:23:24 INFO  - jmeter.save.SaveService: Using SaveService properties version 2.1 
2015/02/05 09:23:24 INFO  - jmeter.save.SaveService: All converter versions present and correct 
2015/02/05 09:23:25 INFO  - jmeter.services.FileServer: Set new base=/Users/ruiqili/Documents 
